-------------------------------------------------------------------------------
Test set: TestEmployee$checkPassword
-------------------------------------------------------------------------------
Tests run: 5, Failures: 0, Errors: 0, Skipped: 0, Time elapsed: 0.019 s -- in TestEmployee$checkPassword
TestEmployee$checkPassword.verifierMotDePasseTropCourt -- Time elapsed: 0 s
TestEmployee$checkPassword.verifierMotDePasseSansMinuscule -- Time elapsed: 0.002 s
TestEmployee$checkPassword.verifierMotDePasseVide -- Time elapsed: 0.002 s
TestEmployee$checkPassword.verifierMotDePasseValide -- Time elapsed: 0.004 s
TestEmployee$checkPassword.verifierMotDePasseSansMajuscule -- Time elapsed: 0.001 s
